2025-03-29 00:00:01,208 - INFO: Episode 100/1500 | Loss: 0.5850 | Time: 43.5s
2025-03-29 00:00:44,951 - INFO: Episode 200/1500 | Loss: 0.0247 | Time: 43.7s
2025-03-29 00:01:25,928 - INFO: Episode 300/1500 | Loss: 0.0153 | Time: 41.0s
2025-03-29 00:02:06,379 - INFO: Episode 400/1500 | Loss: 0.0083 | Time: 40.5s
2025-03-29 00:02:51,229 - INFO: Episode 500/1500 | Loss: 0.0090 | Time: 44.9s
2025-03-29 00:03:36,936 - INFO: Episode 600/1500 | Loss: 0.0081 | Time: 45.7s
2025-03-29 00:04:21,533 - INFO: Episode 700/1500 | Loss: 0.0112 | Time: 44.6s
2025-03-29 00:05:01,998 - INFO: Episode 800/1500 | Loss: 0.0086 | Time: 40.5s
2025-03-29 00:05:42,310 - INFO: Episode 900/1500 | Loss: 0.0110 | Time: 40.3s
2025-03-29 00:06:23,467 - INFO: Episode 1000/1500 | Loss: 0.0070 | Time: 41.2s
2025-03-29 00:07:04,318 - INFO: Episode 1100/1500 | Loss: 0.0130 | Time: 40.8s
2025-03-29 00:07:44,936 - INFO: Episode 1200/1500 | Loss: 0.0101 | Time: 40.6s
2025-03-29 00:08:28,191 - INFO: Episode 1300/1500 | Loss: 0.0083 | Time: 43.3s
2025-03-29 00:09:09,253 - INFO: Episode 1400/1500 | Loss: 0.0094 | Time: 41.1s
2025-03-29 00:09:50,168 - INFO: Episode 1500/1500 | Loss: 0.0103 | Time: 40.9s
2025-03-29 00:09:50,264 - INFO: Model saved to models\model_phase_1
2025-03-29 00:10:31,263 - INFO: Episode 100/4000 | Loss: 0.0086 | Time: 41.0s
2025-03-29 00:11:11,529 - INFO: Episode 200/4000 | Loss: 0.0097 | Time: 40.3s
2025-03-29 00:11:52,358 - INFO: Episode 300/4000 | Loss: 0.0069 | Time: 40.8s
2025-03-29 00:12:32,916 - INFO: Episode 400/4000 | Loss: 0.0115 | Time: 40.6s
2025-03-29 00:13:13,731 - INFO: Episode 500/4000 | Loss: 0.0111 | Time: 40.8s
2025-03-29 00:13:53,986 - INFO: Episode 600/4000 | Loss: 0.0109 | Time: 40.3s
2025-03-29 00:14:35,003 - INFO: Episode 700/4000 | Loss: 0.0087 | Time: 41.0s
2025-03-29 00:15:15,990 - INFO: Episode 800/4000 | Loss: 0.0092 | Time: 41.0s
2025-03-29 00:15:57,193 - INFO: Episode 900/4000 | Loss: 0.0102 | Time: 41.2s
2025-03-29 00:16:37,944 - INFO: Episode 1000/4000 | Loss: 0.0105 | Time: 40.8s
2025-03-29 00:17:18,769 - INFO: Episode 1100/4000 | Loss: 0.0108 | Time: 40.8s
2025-03-29 00:17:58,945 - INFO: Episode 1200/4000 | Loss: 0.0090 | Time: 40.2s
2025-03-29 00:18:40,366 - INFO: Episode 1300/4000 | Loss: 0.0110 | Time: 41.4s
2025-03-29 00:19:21,541 - INFO: Episode 1400/4000 | Loss: 0.0196 | Time: 41.2s
2025-03-29 00:20:01,758 - INFO: Episode 1500/4000 | Loss: 0.0138 | Time: 40.2s
2025-03-29 00:20:42,275 - INFO: Episode 1600/4000 | Loss: 0.0076 | Time: 40.5s
2025-03-29 00:21:23,106 - INFO: Episode 1700/4000 | Loss: 0.0062 | Time: 40.8s
2025-03-29 00:22:03,742 - INFO: Episode 1800/4000 | Loss: 0.0064 | Time: 40.6s
2025-03-29 00:22:44,688 - INFO: Episode 1900/4000 | Loss: 0.0086 | Time: 40.9s
2025-03-29 00:23:25,580 - INFO: Episode 2000/4000 | Loss: 0.0101 | Time: 40.9s
2025-03-29 00:24:05,568 - INFO: Episode 2100/4000 | Loss: 0.0092 | Time: 40.0s
2025-03-29 00:24:46,588 - INFO: Episode 2200/4000 | Loss: 0.0127 | Time: 41.0s
2025-03-29 00:25:27,291 - INFO: Episode 2300/4000 | Loss: 0.0095 | Time: 40.7s
2025-03-29 00:26:07,674 - INFO: Episode 2400/4000 | Loss: 0.0077 | Time: 40.4s
2025-03-29 00:26:48,300 - INFO: Episode 2500/4000 | Loss: 0.0067 | Time: 40.6s
2025-03-29 00:27:28,914 - INFO: Episode 2600/4000 | Loss: 0.0066 | Time: 40.6s
2025-03-29 00:28:09,333 - INFO: Episode 2700/4000 | Loss: 0.0086 | Time: 40.4s
2025-03-29 00:28:50,072 - INFO: Episode 2800/4000 | Loss: 0.0084 | Time: 40.7s
2025-03-29 00:29:30,366 - INFO: Episode 2900/4000 | Loss: 0.0079 | Time: 40.3s
2025-03-29 00:30:11,105 - INFO: Episode 3000/4000 | Loss: 0.0065 | Time: 40.7s
2025-03-29 00:30:52,769 - INFO: Episode 3100/4000 | Loss: 0.0061 | Time: 41.7s
2025-03-29 00:31:33,740 - INFO: Episode 3200/4000 | Loss: 0.0067 | Time: 41.0s
2025-03-29 00:32:14,223 - INFO: Episode 3300/4000 | Loss: 0.0107 | Time: 40.5s
2025-03-29 00:32:55,322 - INFO: Episode 3400/4000 | Loss: 0.0063 | Time: 41.1s
2025-03-29 00:33:36,803 - INFO: Episode 3500/4000 | Loss: 0.0078 | Time: 41.5s
2025-03-29 00:34:17,846 - INFO: Episode 3600/4000 | Loss: 0.0082 | Time: 41.0s
2025-03-29 00:34:59,593 - INFO: Episode 3700/4000 | Loss: 0.0063 | Time: 41.7s
2025-03-29 00:35:45,250 - INFO: Episode 3800/4000 | Loss: 0.0066 | Time: 45.7s
2025-03-29 00:36:32,839 - INFO: Episode 3900/4000 | Loss: 0.0063 | Time: 47.6s
2025-03-29 00:37:19,212 - INFO: Episode 4000/4000 | Loss: 0.0061 | Time: 46.4s
2025-03-29 00:37:19,310 - INFO: Model saved to models\model_phase_2
2025-03-29 00:38:00,460 - INFO: Episode 100/5000 | Loss: 0.0057 | Time: 41.1s
2025-03-29 00:38:41,182 - INFO: Episode 200/5000 | Loss: 0.0059 | Time: 40.7s
2025-03-29 00:39:22,056 - INFO: Episode 300/5000 | Loss: 0.0064 | Time: 40.9s
2025-03-29 00:40:02,930 - INFO: Episode 400/5000 | Loss: 0.0063 | Time: 40.9s
2025-03-29 00:40:43,962 - INFO: Episode 500/5000 | Loss: 0.0058 | Time: 41.0s
2025-03-29 00:41:25,117 - INFO: Episode 600/5000 | Loss: 0.0057 | Time: 41.2s
2025-03-29 00:42:05,496 - INFO: Episode 700/5000 | Loss: 0.0053 | Time: 40.4s
2025-03-29 00:42:46,544 - INFO: Episode 800/5000 | Loss: 0.0070 | Time: 41.0s
2025-03-29 00:43:27,149 - INFO: Episode 900/5000 | Loss: 0.0052 | Time: 40.6s
2025-03-29 00:44:07,515 - INFO: Episode 1000/5000 | Loss: 0.0061 | Time: 40.4s
2025-03-29 00:44:48,807 - INFO: Episode 1100/5000 | Loss: 0.0072 | Time: 41.3s
2025-03-29 00:45:29,228 - INFO: Episode 1200/5000 | Loss: 0.0055 | Time: 40.4s
2025-03-29 00:46:09,913 - INFO: Episode 1300/5000 | Loss: 0.0047 | Time: 40.7s
2025-03-29 00:46:50,363 - INFO: Episode 1400/5000 | Loss: 0.0053 | Time: 40.4s
2025-03-29 00:47:31,131 - INFO: Episode 1500/5000 | Loss: 0.0043 | Time: 40.8s
2025-03-29 00:48:11,590 - INFO: Episode 1600/5000 | Loss: 0.0044 | Time: 40.5s
2025-03-29 00:48:53,267 - INFO: Episode 1700/5000 | Loss: 0.0043 | Time: 41.7s
2025-03-29 00:49:33,905 - INFO: Episode 1800/5000 | Loss: 0.0059 | Time: 40.6s
2025-03-29 00:50:15,009 - INFO: Episode 1900/5000 | Loss: 0.0046 | Time: 41.1s
2025-03-29 00:50:56,225 - INFO: Episode 2000/5000 | Loss: 0.0046 | Time: 41.2s
2025-03-29 00:51:37,466 - INFO: Episode 2100/5000 | Loss: 0.0060 | Time: 41.2s
2025-03-29 00:52:18,341 - INFO: Episode 2200/5000 | Loss: 0.0050 | Time: 40.9s
2025-03-29 00:52:59,859 - INFO: Episode 2300/5000 | Loss: 0.0059 | Time: 41.5s
2025-03-29 00:53:43,990 - INFO: Episode 2400/5000 | Loss: 0.0038 | Time: 44.1s
2025-03-29 00:54:32,549 - INFO: Episode 2500/5000 | Loss: 0.0044 | Time: 48.6s
2025-03-29 00:55:14,493 - INFO: Episode 2600/5000 | Loss: 0.0044 | Time: 41.9s
2025-03-29 00:55:55,067 - INFO: Episode 2700/5000 | Loss: 0.0039 | Time: 40.6s
2025-03-29 00:56:35,985 - INFO: Episode 2800/5000 | Loss: 0.0038 | Time: 40.9s
2025-03-29 00:57:16,979 - INFO: Episode 2900/5000 | Loss: 0.0046 | Time: 41.0s
2025-03-29 00:57:57,271 - INFO: Episode 3000/5000 | Loss: 0.0047 | Time: 40.3s
2025-03-29 00:58:38,583 - INFO: Episode 3100/5000 | Loss: 0.0037 | Time: 41.3s
2025-03-29 00:59:19,958 - INFO: Episode 3200/5000 | Loss: 0.0037 | Time: 41.4s
2025-03-29 01:00:01,182 - INFO: Episode 3300/5000 | Loss: 0.0037 | Time: 41.2s
2025-03-29 01:00:42,100 - INFO: Episode 3400/5000 | Loss: 0.0041 | Time: 40.9s
2025-03-29 01:01:22,732 - INFO: Episode 3500/5000 | Loss: 0.0037 | Time: 40.6s
2025-03-29 01:02:03,205 - INFO: Episode 3600/5000 | Loss: 0.0040 | Time: 40.5s
2025-03-29 01:02:43,576 - INFO: Episode 3700/5000 | Loss: 0.0048 | Time: 40.3s
2025-03-29 01:03:24,588 - INFO: Episode 3800/5000 | Loss: 0.0054 | Time: 41.0s
2025-03-29 01:04:05,579 - INFO: Episode 3900/5000 | Loss: 0.0038 | Time: 41.0s
2025-03-29 01:04:46,786 - INFO: Episode 4000/5000 | Loss: 0.0047 | Time: 41.2s
2025-03-29 01:05:27,444 - INFO: Episode 4100/5000 | Loss: 0.0050 | Time: 40.7s
2025-03-29 01:06:08,169 - INFO: Episode 4200/5000 | Loss: 0.0036 | Time: 40.7s
2025-03-29 01:06:49,430 - INFO: Episode 4300/5000 | Loss: 0.0042 | Time: 41.3s
2025-03-29 01:07:29,845 - INFO: Episode 4400/5000 | Loss: 0.0041 | Time: 40.4s
2025-03-29 01:08:10,117 - INFO: Episode 4500/5000 | Loss: 0.0039 | Time: 40.3s
2025-03-29 01:08:51,714 - INFO: Episode 4600/5000 | Loss: 0.0043 | Time: 41.6s
2025-03-29 01:09:32,853 - INFO: Episode 4700/5000 | Loss: 0.0044 | Time: 41.1s
2025-03-29 01:10:13,719 - INFO: Episode 4800/5000 | Loss: 0.0034 | Time: 40.9s
2025-03-29 01:10:54,563 - INFO: Episode 4900/5000 | Loss: 0.0033 | Time: 40.8s
2025-03-29 01:11:35,372 - INFO: Episode 5000/5000 | Loss: 0.0051 | Time: 40.8s
2025-03-29 01:11:35,455 - INFO: Model saved to models\model_phase_3
2025-03-29 01:12:16,204 - INFO: Episode 100/15000 | Loss: 0.0046 | Time: 40.7s
2025-03-29 01:12:57,013 - INFO: Episode 200/15000 | Loss: 0.0043 | Time: 40.8s
2025-03-29 01:13:37,961 - INFO: Episode 300/15000 | Loss: 0.0044 | Time: 40.9s
2025-03-29 01:14:18,796 - INFO: Episode 400/15000 | Loss: 0.0039 | Time: 40.8s
2025-03-29 01:14:59,914 - INFO: Episode 500/15000 | Loss: 0.0037 | Time: 41.1s
2025-03-29 01:15:40,839 - INFO: Episode 600/15000 | Loss: 0.0043 | Time: 40.9s
2025-03-29 01:16:21,982 - INFO: Episode 700/15000 | Loss: 0.0042 | Time: 41.1s
2025-03-29 01:17:03,362 - INFO: Episode 800/15000 | Loss: 0.0040 | Time: 41.4s
2025-03-29 01:17:44,538 - INFO: Episode 900/15000 | Loss: 0.0045 | Time: 41.2s
2025-03-29 01:18:25,976 - INFO: Episode 1000/15000 | Loss: 0.0040 | Time: 41.4s
2025-03-29 01:19:07,315 - INFO: Episode 1100/15000 | Loss: 0.0046 | Time: 41.3s
2025-03-29 01:19:48,454 - INFO: Episode 1200/15000 | Loss: 0.0037 | Time: 41.1s
2025-03-29 01:20:29,436 - INFO: Episode 1300/15000 | Loss: 0.0033 | Time: 41.0s
2025-03-29 01:21:10,070 - INFO: Episode 1400/15000 | Loss: 0.0033 | Time: 40.6s
2025-03-29 01:21:50,828 - INFO: Episode 1500/15000 | Loss: 0.0036 | Time: 40.8s
2025-03-29 01:22:31,804 - INFO: Episode 1600/15000 | Loss: 0.0037 | Time: 41.0s
2025-03-29 01:23:12,970 - INFO: Episode 1700/15000 | Loss: 0.0031 | Time: 41.2s
2025-03-29 01:23:53,883 - INFO: Episode 1800/15000 | Loss: 0.0043 | Time: 40.9s
2025-03-29 01:24:35,016 - INFO: Episode 1900/15000 | Loss: 0.0037 | Time: 41.1s
2025-03-29 01:25:16,558 - INFO: Episode 2000/15000 | Loss: 0.0034 | Time: 41.5s
2025-03-29 01:25:57,003 - INFO: Episode 2100/15000 | Loss: 0.0041 | Time: 40.4s
2025-03-29 01:26:38,457 - INFO: Episode 2200/15000 | Loss: 0.0045 | Time: 41.5s
2025-03-29 01:27:19,092 - INFO: Episode 2300/15000 | Loss: 0.0035 | Time: 40.6s
2025-03-29 01:27:59,750 - INFO: Episode 2400/15000 | Loss: 0.0042 | Time: 40.7s
2025-03-29 01:28:40,794 - INFO: Episode 2500/15000 | Loss: 0.0035 | Time: 41.0s
2025-03-29 01:29:21,475 - INFO: Episode 2600/15000 | Loss: 0.0031 | Time: 40.7s
2025-03-29 01:30:01,831 - INFO: Episode 2700/15000 | Loss: 0.0035 | Time: 40.4s
2025-03-29 01:30:43,154 - INFO: Episode 2800/15000 | Loss: 0.0037 | Time: 41.3s
2025-03-29 01:31:24,598 - INFO: Episode 2900/15000 | Loss: 0.0049 | Time: 41.4s
2025-03-29 01:32:05,756 - INFO: Episode 3000/15000 | Loss: 0.0043 | Time: 41.2s
2025-03-29 01:32:46,948 - INFO: Episode 3100/15000 | Loss: 0.0030 | Time: 41.2s
2025-03-29 01:33:28,484 - INFO: Episode 3200/15000 | Loss: 0.0047 | Time: 41.5s
2025-03-29 01:34:09,957 - INFO: Episode 3300/15000 | Loss: 0.0044 | Time: 41.5s
2025-03-29 01:34:51,535 - INFO: Episode 3400/15000 | Loss: 0.0042 | Time: 41.6s
2025-03-29 01:35:32,385 - INFO: Episode 3500/15000 | Loss: 0.0031 | Time: 40.8s
2025-03-29 01:36:12,996 - INFO: Episode 3600/15000 | Loss: 0.0049 | Time: 40.6s
2025-03-29 01:36:53,921 - INFO: Episode 3700/15000 | Loss: 0.0043 | Time: 40.9s
2025-03-29 01:37:34,575 - INFO: Episode 3800/15000 | Loss: 0.0037 | Time: 40.7s
2025-03-29 01:38:15,260 - INFO: Episode 3900/15000 | Loss: 0.0041 | Time: 40.7s
2025-03-29 01:38:57,003 - INFO: Episode 4000/15000 | Loss: 0.0032 | Time: 41.7s
2025-03-29 01:39:37,927 - INFO: Episode 4100/15000 | Loss: 0.0042 | Time: 40.9s
2025-03-29 01:40:18,661 - INFO: Episode 4200/15000 | Loss: 0.0027 | Time: 40.7s
2025-03-29 01:40:59,605 - INFO: Episode 4300/15000 | Loss: 0.0036 | Time: 40.9s
2025-03-29 01:41:40,316 - INFO: Episode 4400/15000 | Loss: 0.0036 | Time: 40.7s
2025-03-29 01:42:21,296 - INFO: Episode 4500/15000 | Loss: 0.0039 | Time: 41.0s
2025-03-29 01:43:02,262 - INFO: Episode 4600/15000 | Loss: 0.0035 | Time: 41.0s
2025-03-29 01:43:42,757 - INFO: Episode 4700/15000 | Loss: 0.0054 | Time: 40.5s
2025-03-29 01:44:23,538 - INFO: Episode 4800/15000 | Loss: 0.0036 | Time: 40.8s
2025-03-29 01:45:04,717 - INFO: Episode 4900/15000 | Loss: 0.0044 | Time: 41.2s
2025-03-29 01:45:45,243 - INFO: Episode 5000/15000 | Loss: 0.0046 | Time: 40.5s
2025-03-29 01:46:26,008 - INFO: Episode 5100/15000 | Loss: 0.0030 | Time: 40.8s
2025-03-29 01:47:07,220 - INFO: Episode 5200/15000 | Loss: 0.0038 | Time: 41.2s
2025-03-29 01:47:47,791 - INFO: Episode 5300/15000 | Loss: 0.0041 | Time: 40.6s
2025-03-29 01:48:28,830 - INFO: Episode 5400/15000 | Loss: 0.0047 | Time: 41.0s
2025-03-29 01:49:10,435 - INFO: Episode 5500/15000 | Loss: 0.0046 | Time: 41.6s
2025-03-29 01:49:51,406 - INFO: Episode 5600/15000 | Loss: 0.0030 | Time: 41.0s
2025-03-29 01:50:33,129 - INFO: Episode 5700/15000 | Loss: 0.0043 | Time: 41.7s
2025-03-29 01:51:14,519 - INFO: Episode 5800/15000 | Loss: 0.0039 | Time: 41.4s
2025-03-29 01:51:55,887 - INFO: Episode 5900/15000 | Loss: 0.0036 | Time: 41.4s
2025-03-29 01:52:36,992 - INFO: Episode 6000/15000 | Loss: 0.0033 | Time: 41.1s
2025-03-29 01:53:17,752 - INFO: Episode 6100/15000 | Loss: 0.0038 | Time: 40.8s
2025-03-29 01:53:58,296 - INFO: Episode 6200/15000 | Loss: 0.0041 | Time: 40.5s
2025-03-29 01:54:40,203 - INFO: Episode 6300/15000 | Loss: 0.0039 | Time: 41.9s
2025-03-29 01:55:32,011 - INFO: Episode 6400/15000 | Loss: 0.0035 | Time: 51.8s
2025-03-29 01:56:16,590 - INFO: Episode 6500/15000 | Loss: 0.0041 | Time: 44.6s
2025-03-29 01:56:57,667 - INFO: Episode 6600/15000 | Loss: 0.0028 | Time: 41.1s
2025-03-29 01:57:38,848 - INFO: Episode 6700/15000 | Loss: 0.0028 | Time: 41.2s
2025-03-29 01:58:20,710 - INFO: Episode 6800/15000 | Loss: 0.0040 | Time: 41.9s
2025-03-29 01:59:01,664 - INFO: Episode 6900/15000 | Loss: 0.0048 | Time: 41.0s
2025-03-29 01:59:43,112 - INFO: Episode 7000/15000 | Loss: 0.0039 | Time: 41.4s
2025-03-29 02:00:24,591 - INFO: Episode 7100/15000 | Loss: 0.0032 | Time: 41.5s
2025-03-29 02:01:06,070 - INFO: Episode 7200/15000 | Loss: 0.0044 | Time: 41.5s
2025-03-29 02:01:47,188 - INFO: Episode 7300/15000 | Loss: 0.0036 | Time: 41.1s
2025-03-29 02:02:27,757 - INFO: Episode 7400/15000 | Loss: 0.0038 | Time: 40.6s
2025-03-29 02:03:08,794 - INFO: Episode 7500/15000 | Loss: 0.0034 | Time: 41.0s
2025-03-29 02:03:50,488 - INFO: Episode 7600/15000 | Loss: 0.0035 | Time: 41.7s
2025-03-29 02:04:32,634 - INFO: Episode 7700/15000 | Loss: 0.0036 | Time: 42.1s
2025-03-29 02:05:13,527 - INFO: Episode 7800/15000 | Loss: 0.0037 | Time: 40.9s
2025-03-29 02:05:54,952 - INFO: Episode 7900/15000 | Loss: 0.0038 | Time: 41.4s
2025-03-29 02:06:36,723 - INFO: Episode 8000/15000 | Loss: 0.0038 | Time: 41.8s
2025-03-29 02:07:18,344 - INFO: Episode 8100/15000 | Loss: 0.0037 | Time: 41.6s
2025-03-29 02:07:59,185 - INFO: Episode 8200/15000 | Loss: 0.0030 | Time: 40.8s
2025-03-29 02:08:40,517 - INFO: Episode 8300/15000 | Loss: 0.0026 | Time: 41.3s
2025-03-29 02:09:22,221 - INFO: Episode 8400/15000 | Loss: 0.0036 | Time: 41.7s
2025-03-29 02:10:02,914 - INFO: Episode 8500/15000 | Loss: 0.0045 | Time: 40.7s
2025-03-29 02:10:44,158 - INFO: Episode 8600/15000 | Loss: 0.0032 | Time: 41.2s
2025-03-29 02:11:25,781 - INFO: Episode 8700/15000 | Loss: 0.0058 | Time: 41.6s
2025-03-29 02:12:06,913 - INFO: Episode 8800/15000 | Loss: 0.0044 | Time: 41.1s
2025-03-29 02:12:48,429 - INFO: Episode 8900/15000 | Loss: 0.0030 | Time: 41.5s
2025-03-29 02:13:30,086 - INFO: Episode 9000/15000 | Loss: 0.0038 | Time: 41.7s
2025-03-29 02:14:10,868 - INFO: Episode 9100/15000 | Loss: 0.0038 | Time: 40.8s
2025-03-29 02:14:52,175 - INFO: Episode 9200/15000 | Loss: 0.0044 | Time: 41.3s
2025-03-29 02:15:33,501 - INFO: Episode 9300/15000 | Loss: 0.0038 | Time: 41.3s
2025-03-29 02:16:14,608 - INFO: Episode 9400/15000 | Loss: 0.0035 | Time: 41.1s
2025-03-29 02:16:56,076 - INFO: Episode 9500/15000 | Loss: 0.0038 | Time: 41.5s
2025-03-29 02:17:36,992 - INFO: Episode 9600/15000 | Loss: 0.0044 | Time: 40.9s
2025-03-29 02:18:18,248 - INFO: Episode 9700/15000 | Loss: 0.0042 | Time: 41.3s
2025-03-29 02:18:59,581 - INFO: Episode 9800/15000 | Loss: 0.0030 | Time: 41.3s
2025-03-29 02:19:41,486 - INFO: Episode 9900/15000 | Loss: 0.0042 | Time: 41.9s
2025-03-29 02:20:23,106 - INFO: Episode 10000/15000 | Loss: 0.0048 | Time: 41.6s
2025-03-29 02:21:05,120 - INFO: Episode 10100/15000 | Loss: 0.0043 | Time: 42.0s
2025-03-29 02:21:46,542 - INFO: Episode 10200/15000 | Loss: 0.0031 | Time: 41.4s
2025-03-29 02:22:27,927 - INFO: Episode 10300/15000 | Loss: 0.0046 | Time: 41.4s
2025-03-29 02:23:09,526 - INFO: Episode 10400/15000 | Loss: 0.0034 | Time: 41.6s
2025-03-29 02:23:50,485 - INFO: Episode 10500/15000 | Loss: 0.0032 | Time: 41.0s
2025-03-29 02:24:32,127 - INFO: Episode 10600/15000 | Loss: 0.0040 | Time: 41.6s
2025-03-29 02:25:13,389 - INFO: Episode 10700/15000 | Loss: 0.0024 | Time: 41.3s
2025-03-29 02:25:55,360 - INFO: Episode 10800/15000 | Loss: 0.0041 | Time: 42.0s
2025-03-29 02:26:36,946 - INFO: Episode 10900/15000 | Loss: 0.0038 | Time: 41.6s
2025-03-29 02:27:18,687 - INFO: Episode 11000/15000 | Loss: 0.0046 | Time: 41.7s
2025-03-29 02:27:59,808 - INFO: Episode 11100/15000 | Loss: 0.0040 | Time: 41.1s
2025-03-29 02:28:41,428 - INFO: Episode 11200/15000 | Loss: 0.0036 | Time: 41.6s
2025-03-29 02:29:23,803 - INFO: Episode 11300/15000 | Loss: 0.0035 | Time: 42.4s
2025-03-29 02:30:05,667 - INFO: Episode 11400/15000 | Loss: 0.0045 | Time: 41.9s
2025-03-29 02:30:48,103 - INFO: Episode 11500/15000 | Loss: 0.0040 | Time: 42.4s
2025-03-29 02:31:29,735 - INFO: Episode 11600/15000 | Loss: 0.0030 | Time: 41.6s
2025-03-29 02:32:11,225 - INFO: Episode 11700/15000 | Loss: 0.0030 | Time: 41.5s
2025-03-29 02:32:53,384 - INFO: Episode 11800/15000 | Loss: 0.0036 | Time: 42.2s
2025-03-29 02:33:35,682 - INFO: Episode 11900/15000 | Loss: 0.0045 | Time: 42.3s
2025-03-29 02:34:16,890 - INFO: Episode 12000/15000 | Loss: 0.0033 | Time: 41.2s
2025-03-29 02:34:58,627 - INFO: Episode 12100/15000 | Loss: 0.0039 | Time: 41.7s
2025-03-29 02:35:39,652 - INFO: Episode 12200/15000 | Loss: 0.0038 | Time: 41.0s
2025-03-29 02:36:21,584 - INFO: Episode 12300/15000 | Loss: 0.0035 | Time: 41.9s
2025-03-29 02:37:03,272 - INFO: Episode 12400/15000 | Loss: 0.0040 | Time: 41.7s
2025-03-29 02:37:44,621 - INFO: Episode 12500/15000 | Loss: 0.0031 | Time: 41.3s
2025-03-29 02:38:26,266 - INFO: Episode 12600/15000 | Loss: 0.0041 | Time: 41.6s
2025-03-29 02:39:07,849 - INFO: Episode 12700/15000 | Loss: 0.0034 | Time: 41.6s
2025-03-29 02:39:49,398 - INFO: Episode 12800/15000 | Loss: 0.0034 | Time: 41.5s
2025-03-29 02:40:31,394 - INFO: Episode 12900/15000 | Loss: 0.0027 | Time: 42.0s
2025-03-29 02:41:13,678 - INFO: Episode 13000/15000 | Loss: 0.0041 | Time: 42.3s
2025-03-29 02:41:55,889 - INFO: Episode 13100/15000 | Loss: 0.0039 | Time: 42.2s
2025-03-29 02:42:37,673 - INFO: Episode 13200/15000 | Loss: 0.0047 | Time: 41.8s
2025-03-29 02:43:19,077 - INFO: Episode 13300/15000 | Loss: 0.0037 | Time: 41.4s
2025-03-29 02:44:00,416 - INFO: Episode 13400/15000 | Loss: 0.0037 | Time: 41.3s
2025-03-29 02:44:42,005 - INFO: Episode 13500/15000 | Loss: 0.0041 | Time: 41.6s
2025-03-29 02:45:23,691 - INFO: Episode 13600/15000 | Loss: 0.0043 | Time: 41.7s
2025-03-29 02:46:05,581 - INFO: Episode 13700/15000 | Loss: 0.0032 | Time: 41.9s
2025-03-29 02:46:47,247 - INFO: Episode 13800/15000 | Loss: 0.0042 | Time: 41.7s
2025-03-29 02:47:29,220 - INFO: Episode 13900/15000 | Loss: 0.0036 | Time: 42.0s
2025-03-29 02:48:10,769 - INFO: Episode 14000/15000 | Loss: 0.0032 | Time: 41.5s
2025-03-29 02:48:52,933 - INFO: Episode 14100/15000 | Loss: 0.0030 | Time: 42.2s
2025-03-29 02:49:35,303 - INFO: Episode 14200/15000 | Loss: 0.0041 | Time: 42.4s
2025-03-29 02:50:16,661 - INFO: Episode 14300/15000 | Loss: 0.0042 | Time: 41.4s
2025-03-29 02:50:58,455 - INFO: Episode 14400/15000 | Loss: 0.0039 | Time: 41.8s
2025-03-29 02:51:40,279 - INFO: Episode 14500/15000 | Loss: 0.0029 | Time: 41.8s
2025-03-29 02:52:22,020 - INFO: Episode 14600/15000 | Loss: 0.0036 | Time: 41.7s
2025-03-29 02:53:03,507 - INFO: Episode 14700/15000 | Loss: 0.0031 | Time: 41.5s
2025-03-29 02:53:45,514 - INFO: Episode 14800/15000 | Loss: 0.0042 | Time: 42.0s
2025-03-29 02:54:26,856 - INFO: Episode 14900/15000 | Loss: 0.0038 | Time: 41.3s
2025-03-29 02:55:09,213 - INFO: Episode 15000/15000 | Loss: 0.0030 | Time: 42.4s
2025-03-29 02:55:09,302 - INFO: Model saved to models\model_phase_4
2025-03-29 16:34:49,111 - INFO: Episode 100/1500 | Loss: 0.5437 | Time: 19.6s
2025-03-29 16:35:06,552 - INFO: Episode 200/1500 | Loss: 0.0252 | Time: 17.4s
2025-03-29 16:35:22,954 - INFO: Episode 300/1500 | Loss: 0.0124 | Time: 16.4s
2025-03-29 16:41:33,052 - INFO: Episode 100/500 | Loss: 0.2576 | Time: 16.1s
2025-03-29 16:41:49,341 - INFO: Episode 200/500 | Loss: 0.0204 | Time: 16.3s
2025-03-29 16:42:05,915 - INFO: Episode 300/500 | Loss: 0.0153 | Time: 16.6s
2025-03-29 16:42:22,500 - INFO: Episode 400/500 | Loss: 0.0157 | Time: 16.6s
2025-03-29 16:42:38,795 - INFO: Episode 500/500 | Loss: 0.0114 | Time: 16.3s
2025-03-29 16:42:38,842 - INFO: Model saved to models\model_test_20250329_164238.pt
2025-03-29 16:43:40,508 - ERROR: Failed to load model: [Errno 2] No such file or directory: 'models\\models\\model_test_20250329_164238.pt'
2025-03-29 16:47:43,675 - ERROR: Failed to load model: [Errno 2] No such file or directory: 'models\\models\\model_test_20250329_164238.pt'
2025-03-29 16:49:51,805 - ERROR: Failed to load model: [Errno 2] No such file or directory: 'models\\models\\model_test_20250329_164238.pt'
2025-03-29 16:51:30,258 - ERROR: Failed to load model: [Errno 2] No such file or directory: 'models\\models\\model_test_20250329_164238.pt'
2025-03-29 16:55:01,539 - INFO: Model loaded from c:\Users\Julia\Desktop\Chess\models\model_test_20250329_164238.pt
